Godot Engine v4.6.2.stable.official.71f334935 - https://godotengine.org
TextServer: Added interface "Dummy"
TextServer: Added interface "ICU / HarfBuzz / Graphite (Built-in)"
Unrecognized output string "misc2" in mapping:
030000008a2e0000dd10000000000000,Hand Held Legend GC Ultimate,a:b0,b:b2,back:b17,dpdown:b5,dpleft:b6,dpright:b7,dpup:b4,guide:b18,leftshoulder:b10,leftstick:b8,lefttrigger:a3,leftx:a0,lefty:a1,misc1:b19,misc2:b24,paddle1:b13,paddle2:b12,rightshoulder:b11,rightstick:b9,righttrigger:a4,rightx:a2,righty:a5,start:b16,x:b1,y:b3,platform:Windows,
Unrecognized output string "misc2" in mapping:
030000000d0f00000202000000000000,Horipad O Nintendo Switch 2 Controller,a:b1,b:b0,back:b8,dpdown:h0.4,dpleft:h0.8,dpright:h0.2,dpup:h0.1,guide:b12,leftshoulder:b4,leftstick:b10,lefttrigger:b6,leftx:a0,lefty:a1,misc1:b13,misc2:b14,rightshoulder:b5,rightstick:b11,righttrigger:b7,rightx:a2,righty:a3,start:b9,x:b3,y:b2,platform:Windows,
Unrecognized output string "misc2" in mapping:
030000000d0f00009601000000000000,Horipad Steam,a:b0,b:b1,back:b10,dpdown:h0.4,dpleft:h0.8,dpright:h0.2,dpup:h0.1,guide:b12,leftshoulder:b6,leftstick:b13,lefttrigger:b8,leftx:a0,lefty:a1,misc2:b2,paddle1:b5,paddle2:b15,paddle3:b18,paddle4:b19,rightshoulder:b7,rightstick:b14,righttrigger:b9,rightx:a3,righty:a4,start:b11,x:b3,y:b4,platform:Windows,
Unrecognized output string "misc2" in mapping:
030000007e0500006920000000000000,Nintendo Switch 2 Pro Controller,a:b0,b:b1,back:b14,dpdown:b8,dpleft:b10,dpright:b9,dpup:b11,guide:b16,leftshoulder:b12,leftstick:b15,lefttrigger:b13,leftx:a0,lefty:a1~,misc1:b17,misc2:b20,paddle1:b18,paddle2:b19,rightshoulder:b4,rightstick:b7,righttrigger:b5,rightx:a2,righty:a3~,start:b6,x:b2,y:b3,platform:Windows,
WARNING: GENERAL - Message Id Number: 0 | Message Id Name: Loader Message
	windows_read_data_files_in_registry: Registry lookup failed to get layer manifest files.
	Objects - 1
		Object[0] - VK_OBJECT_TYPE_INSTANCE, Handle 2041111023264
   at: _debug_messenger_callback (drivers/vulkan/rendering_context_driver_vulkan.cpp:639)
Accessibility: window 0 adapter created.
Devices:
  #0: NVIDIA NVIDIA GeForce RTX 4070 Ti - Supported, Discrete
Optional extension VK_EXT_fragment_density_map not found
Optional extension VK_QCOM_fragment_density_map_offset not found
Optional extension VK_EXT_astc_decode_mode not found
Optional extension VK_EXT_texture_compression_astc_hdr not found
Optional extension VK_KHR_external_memory_fd not found
Optional extension VK_EXT_debug_marker not found
- Vulkan Fragment Shading Rate supported:
  Pipeline fragment shading rate
  Primitive fragment shading rate
  Attachment fragment shading rate, min texel size: (16, 16), max texel size: (16, 16), max fragment size: (4, 4)
- Vulkan Fragment Density Map not supported
- Vulkan multiview supported:
  max view count: 32
  max instances: 134217727
- Vulkan subgroup:
  size: 32
  min size: 32
  max size: 32
  stages: STAGE_VERTEX, STAGE_TESSELLATION_CONTROL, STAGE_TESSELLATION_EVALUATION, STAGE_GEOMETRY, STAGE_FRAGMENT, STAGE_COMPUTE, STAGE_RAYGEN_KHR, STAGE_ANY_HIT_KHR, STAGE_CLOSEST_HIT_KHR, STAGE_MISS_KHR, STAGE_INTERSECTION_KHR, STAGE_CALLABLE_KHR, STAGE_TASK_NV, STAGE_MESH_NV
  supported ops: FEATURE_BASIC, FEATURE_VOTE, FEATURE_ARITHMETIC, FEATURE_BALLOT, FEATURE_SHUFFLE, FEATURE_SHUFFLE_RELATIVE, FEATURE_CLUSTERED, FEATURE_QUAD, FEATURE_PARTITIONED_NV
  quad operations in all stages
Vulkan 1.4.312 - Forward Mobile - Using Device #0: NVIDIA - NVIDIA GeForce RTX 4070 Ti
Startup PSO cache (0.0 MiB)
SDL: Init OK!
Accessibility: window 0 adapter activated.
Using "winink" pen tablet driver...
Creating VMA small objects pool for memory type index 1
Shader 'CanvasSdfShaderRD' (group 0) SHA256: 900d0f09be693ae3458cb4ea5ca3733f93a58e342a661879987fa33f019737ef
Loading cache for shader CanvasSdfShaderRD, variant 0
Loading cache for shader CanvasSdfShaderRD, variant 1
Loading cache for shader CanvasSdfShaderRD, variant 2
Loading cache for shader CanvasSdfShaderRD, variant 3
Loading cache for shader CanvasSdfShaderRD, variant 4
Loading cache for shader CanvasSdfShaderRD, variant 5
Shader 'SkeletonShaderRD' (group 0) SHA256: f5464247670c8a6767c45f6d3608e1cde3ee7c170567663cf709cd4ed8b3a4c1
Loading cache for shader SkeletonShaderRD, variant 0
Loading cache for shader SkeletonShaderRD, variant 1
Shader 'SortShaderRD' (group 0) SHA256: f9ec1d3b74a8fc2c04e3f2648f95f2f1bbdce58b6c290cf9c4851a0bac4771d4
Loading cache for shader SortShaderRD, variant 0
Loading cache for shader SortShaderRD, variant 1
Loading cache for shader SortShaderRD, variant 2
Shader 'ParticlesShaderRD' (group 0) SHA256: 06a8e27fb2eb40a42c7d1c26614ce38ae841d0048941bee0ae85d930f4cd7c10
Loading cache for shader ParticlesShaderRD, variant 0
Shader 'ParticlesCopyShaderRD' (group 0) SHA256: 07564cb3473afac407c6bcff5eeecd5e1775822696a97e9598ea6df01e255aa9
Loading cache for shader ParticlesCopyShaderRD, variant 0
Loading cache for shader ParticlesCopyShaderRD, variant 1
Loading cache for shader ParticlesCopyShaderRD, variant 2
Loading cache for shader ParticlesCopyShaderRD, variant 3
Loading cache for shader ParticlesCopyShaderRD, variant 4
Loading cache for shader ParticlesCopyShaderRD, variant 5
Loading cache for shader ParticlesCopyShaderRD, variant 6
Loading cache for shader ParticlesCopyShaderRD, variant 7
Loading cache for shader ParticlesCopyShaderRD, variant 8
Loading cache for shader ParticlesCopyShaderRD, variant 9
Loading cache for shader ParticlesCopyShaderRD, variant 10
Loading cache for shader ParticlesCopyShaderRD, variant 11
Loading cache for shader ParticlesCopyShaderRD, variant 12
Loading cache for shader ParticlesCopyShaderRD, variant 13
Loading cache for shader ParticlesCopyShaderRD, variant 14
Loading cache for shader ParticlesCopyShaderRD, variant 15
Loading cache for shader ParticlesCopyShaderRD, variant 16
Loading cache for shader ParticlesCopyShaderRD, variant 17
Loading cache for shader ParticlesCopyShaderRD, variant 18
Loading cache for shader ParticlesCopyShaderRD, variant 19
Loading cache for shader ParticlesCopyShaderRD, variant 20
Shader 'CanvasShaderRD' (group 0) SHA256: 44b626a71b331de17a1569c244e84cfc842a2c1ef1fe575d245ab80bccb9cb2d
Loading cache for shader CanvasShaderRD, variant 0
Loading cache for shader CanvasShaderRD, variant 1
Loading cache for shader CanvasShaderRD, variant 2
Loading cache for shader CanvasShaderRD, variant 3
Loading cache for shader CanvasShaderRD, variant 4
Loading cache for shader CanvasShaderRD, variant 5
Shader 'CanvasOcclusionShaderRD' (group 0) SHA256: 6d0046303c5068df99b2c3945434a844674a052389ae79e4a466f8196188cd35
Loading cache for shader CanvasOcclusionShaderRD, variant 0
Loading cache for shader CanvasOcclusionShaderRD, variant 1
Loading cache for shader CanvasOcclusionShaderRD, variant 2
Loading cache for shader CanvasShaderRD, variant 0
Loading cache for shader CanvasShaderRD, variant 1
Loading cache for shader CanvasShaderRD, variant 2
Loading cache for shader CanvasShaderRD, variant 3
Loading cache for shader CanvasShaderRD, variant 4
Loading cache for shader CanvasShaderRD, variant 5
Loading cache for shader CanvasShaderRD, variant 0
Loading cache for shader CanvasShaderRD, variant 1
Loading cache for shader CanvasShaderRD, variant 2
Loading cache for shader CanvasShaderRD, variant 3
Loading cache for shader CanvasShaderRD, variant 4
Loading cache for shader CanvasShaderRD, variant 5
Shader 'SceneForwardMobileShaderRD' (group 0) SHA256: 44883f6a3dcd3f85f02f9e512bf1590ad7d675c0383b19078d1d09ab3fdfcd43
Shader 'SceneForwardMobileShaderRD' (group 1) SHA256: b14f67fe420f4538f252b042b086bc3242f7d29e1d87a1939a0c04cdfa69d2c8
Shader 'SceneForwardMobileShaderRD' (group 2) SHA256: bd415e92e035607cef11b5ab18187cd93bfe25c7191fa2c89a4032d71b2ce2c1
Shader 'SceneForwardMobileShaderRD' (group 3) SHA256: 04311b42b2d033f125a4e7ba1d8ad9ffa3e0c8c38df54a00e261e2a09b58e64f
Loading cache for shader SceneForwardMobileShaderRD, variant 0
Loading cache for shader SceneForwardMobileShaderRD, variant 1
Loading cache for shader SceneForwardMobileShaderRD, variant 2
Loading cache for shader SceneForwardMobileShaderRD, variant 3
Loading cache for shader SceneForwardMobileShaderRD, variant 4
Loading cache for shader SceneForwardMobileShaderRD, variant 5
Loading cache for shader SceneForwardMobileShaderRD, variant 6
Loading cache for shader SceneForwardMobileShaderRD, variant 7
Loading cache for shader SceneForwardMobileShaderRD, variant 8
Loading cache for shader SceneForwardMobileShaderRD, variant 9
Loading cache for shader SceneForwardMobileShaderRD, variant 0
Loading cache for shader SceneForwardMobileShaderRD, variant 1
Loading cache for shader SceneForwardMobileShaderRD, variant 2
Loading cache for shader SceneForwardMobileShaderRD, variant 3
Loading cache for shader SceneForwardMobileShaderRD, variant 4
Loading cache for shader SceneForwardMobileShaderRD, variant 5
Loading cache for shader SceneForwardMobileShaderRD, variant 6
Loading cache for shader SceneForwardMobileShaderRD, variant 7
Loading cache for shader SceneForwardMobileShaderRD, variant 8
Loading cache for shader SceneForwardMobileShaderRD, variant 9
Loading cache for shader SceneForwardMobileShaderRD, variant 0
Loading cache for shader SceneForwardMobileShaderRD, variant 1
Loading cache for shader SceneForwardMobileShaderRD, variant 2
Loading cache for shader SceneForwardMobileShaderRD, variant 3
Loading cache for shader SceneForwardMobileShaderRD, variant 4
Loading cache for shader SceneForwardMobileShaderRD, variant 5
Loading cache for shader SceneForwardMobileShaderRD, variant 6
Loading cache for shader SceneForwardMobileShaderRD, variant 7
Loading cache for shader SceneForwardMobileShaderRD, variant 8
Loading cache for shader SceneForwardMobileShaderRD, variant 9
Shader 'SkyShaderRD' (group 0) SHA256: 35d1b4b37bab144dc90408dd6cf6ddeee4a134e13f3efe56f0e3ae92e83a5124
Loading cache for shader SkyShaderRD, variant 0
Loading cache for shader SkyShaderRD, variant 1
Loading cache for shader SkyShaderRD, variant 2
Loading cache for shader SkyShaderRD, variant 3
Loading cache for shader SkyShaderRD, variant 4
Loading cache for shader SkyShaderRD, variant 5
Loading cache for shader SkyShaderRD, variant 0
Loading cache for shader SkyShaderRD, variant 1
Loading cache for shader SkyShaderRD, variant 2
Loading cache for shader SkyShaderRD, variant 3
Loading cache for shader SkyShaderRD, variant 4
Loading cache for shader SkyShaderRD, variant 5
Shader 'BokehDofRasterShaderRD' (group 0) SHA256: 6e02a141703088b4e26140c7cabd63088a5619be4e0a67275233a0e90ffc75a5
Loading cache for shader BokehDofRasterShaderRD, variant 0
Loading cache for shader BokehDofRasterShaderRD, variant 1
Loading cache for shader BokehDofRasterShaderRD, variant 2
Loading cache for shader BokehDofRasterShaderRD, variant 3
Loading cache for shader BokehDofRasterShaderRD, variant 4
Loading cache for shader BokehDofRasterShaderRD, variant 5
Loading cache for shader BokehDofRasterShaderRD, variant 6
Shader 'BlurRasterShaderRD' (group 0) SHA256: 1731913c0f3965f3e5e82998142228bf82a0317ecf59e003b374d02656a26430
Loading cache for shader BlurRasterShaderRD, variant 0
Loading cache for shader BlurRasterShaderRD, variant 1
Loading cache for shader BlurRasterShaderRD, variant 2
Loading cache for shader BlurRasterShaderRD, variant 3
Loading cache for shader BlurRasterShaderRD, variant 4
Loading cache for shader BlurRasterShaderRD, variant 5
Loading cache for shader BlurRasterShaderRD, variant 6
Shader 'CopyShaderRD' (group 0) SHA256: 65291954e15cb018018fc5f4646a638087a0a102918f3e04c7f5bd7b36a520d7
Loading cache for shader CopyShaderRD, variant 0
Loading cache for shader CopyShaderRD, variant 1
Loading cache for shader CopyShaderRD, variant 2
Loading cache for shader CopyShaderRD, variant 3
Loading cache for shader CopyShaderRD, variant 4
Loading cache for shader CopyShaderRD, variant 5
Loading cache for shader CopyShaderRD, variant 6
Loading cache for shader CopyShaderRD, variant 7
Loading cache for shader CopyShaderRD, variant 8
Loading cache for shader CopyShaderRD, variant 9
Loading cache for shader CopyShaderRD, variant 10
Loading cache for shader CopyShaderRD, variant 11
Loading cache for shader CopyShaderRD, variant 12
Shader 'CopyToFbShaderRD' (group 0) SHA256: 75d836894e920d01a392936493cf5f515633f4101cdab35e41710593c8961a8b
Loading cache for shader CopyToFbShaderRD, variant 0
Loading cache for shader CopyToFbShaderRD, variant 1
Loading cache for shader CopyToFbShaderRD, variant 2
Loading cache for shader CopyToFbShaderRD, variant 3
Shader 'CubeToDpShaderRD' (group 0) SHA256: d7b798ab7df6267a749663467475b673a9c91bd0a35bf9b538439cb9902d869e
Loading cache for shader CubeToDpShaderRD, variant 0
Shader 'CubeToOctmapShaderRD' (group 0) SHA256: 945003e6f9984a03124090615d87289ba22cea98da96752bf1b0cf69baef54d7
Loading cache for shader CubeToOctmapShaderRD, variant 0
Shader 'OctmapDownsamplerShaderRD' (group 0) SHA256: b5d716a2f281f18de3f8145675905257c71ed306b08187f196135b4d6b900d18
Loading cache for shader OctmapDownsamplerShaderRD, variant 0
Loading cache for shader OctmapDownsamplerShaderRD, variant 1
Shader 'OctmapFilterShaderRD' (group 0) SHA256: 29563446a265b7dd42bb80d9d6e3dc4d423069662549f27f646ae4dc33dd669a
Loading cache for shader OctmapFilterShaderRD, variant 0
Loading cache for shader OctmapFilterShaderRD, variant 1
Loading cache for shader OctmapFilterShaderRD, variant 2
Loading cache for shader OctmapFilterShaderRD, variant 3
Loading cache for shader OctmapFilterShaderRD, variant 4
Loading cache for shader OctmapFilterShaderRD, variant 5
Loading cache for shader OctmapFilterShaderRD, variant 6
Loading cache for shader OctmapFilterShaderRD, variant 7
Shader 'OctmapRoughnessShaderRD' (group 0) SHA256: 5e2dc8eaf1a38f928f118fb3b4ec9041422acb08ba3628df371772294faef0a4
Loading cache for shader OctmapRoughnessShaderRD, variant 0
Loading cache for shader OctmapRoughnessShaderRD, variant 1
Shader 'SpecularMergeShaderRD' (group 0) SHA256: 2c24bae3cdd8885d57ab9d12d4cfc7fc3bc7462a287e93293f3533163e9e82a3
Loading cache for shader SpecularMergeShaderRD, variant 0
Loading cache for shader SpecularMergeShaderRD, variant 1
Loading cache for shader SpecularMergeShaderRD, variant 2
Loading cache for shader SpecularMergeShaderRD, variant 3
Shader 'ShadowFrustumShaderRD' (group 0) SHA256: 3deae303d647faccb68971539f74a832fa8321fe8d642826a8c88bbd3658b679
Loading cache for shader ShadowFrustumShaderRD, variant 0
Shader 'MotionVectorsShaderRD' (group 0) SHA256: e33ee4540533d576bfe475cc499a9491db25293c3cc5ae811495d43f58649020
Loading cache for shader MotionVectorsShaderRD, variant 0
Shader 'LuminanceReduceRasterShaderRD' (group 0) SHA256: 30d347e941c11aa0c308b3f40d81e887eebc3a912d89a9f3f2a553c4f19ce1ce
Loading cache for shader LuminanceReduceRasterShaderRD, variant 0
Loading cache for shader LuminanceReduceRasterShaderRD, variant 1
Loading cache for shader LuminanceReduceRasterShaderRD, variant 2
Shader 'SmaaEdgeDetectionShaderRD' (group 0) SHA256: a6c5c7327054acd529d0181b07bf068fccf6773b47e3bc26742813607b59ba24
Loading cache for shader SmaaEdgeDetectionShaderRD, variant 0
Shader 'SmaaWeightCalculationShaderRD' (group 0) SHA256: 3893abaf810bdff4408209bba813141b7ed437601200519b8aee0a69f0349d05
Loading cache for shader SmaaWeightCalculationShaderRD, variant 0
Shader 'SmaaBlendingShaderRD' (group 0) SHA256: 6088fec0579720c9b0477de3d431bbc3b7de4b868060edc13f716d8818817556
Loading cache for shader SmaaBlendingShaderRD, variant 0
Shader 'TonemapMobileShaderRD' (group 0) SHA256: 744c0c71383854390351fd131a1e748cb41f8d6fea32115a57c8370bf1ec9cf9
Loading cache for shader TonemapMobileShaderRD, variant 0
Loading cache for shader TonemapMobileShaderRD, variant 1
Loading cache for shader TonemapMobileShaderRD, variant 2
Loading cache for shader TonemapMobileShaderRD, variant 3
Shader 'VrsShaderRD' (group 0) SHA256: bec481e78ad773e300f2715286758cbb133fa51b9dbe03fcb6a21b29de9a1c2a
Loading cache for shader VrsShaderRD, variant 0
Loading cache for shader VrsShaderRD, variant 2
Loading cache for shader VrsShaderRD, variant 3
Shader 'ResolveRasterShaderRD' (group 0) SHA256: 3ebfbef8fe717a03ece6a1e7d6993d7e605c62d8d919043ecdd58c605b1f9db0
Loading cache for shader ResolveRasterShaderRD, variant 0
Shader 'BlitShaderRD' (group 0) SHA256: e5ff0c7f50cb8a6ee532997afb4a3408b6de2b9b03ebcb87e157b46ab8593e39
Loading cache for shader BlitShaderRD, variant 0
Loading cache for shader BlitShaderRD, variant 1
Loading cache for shader BlitShaderRD, variant 2
Loading cache for shader BlitShaderRD, variant 3
WASAPI: Activated output_device using IAudioClient3 interface
WASAPI: wFormatTag = 65534
WASAPI: nChannels = 2
WASAPI: nSamplesPerSec = 48000
WASAPI: nAvgBytesPerSec = 384000
WASAPI: nBlockAlign = 8
WASAPI: wBitsPerSample = 32
WASAPI: cbSize = 22
WASAPI: mix_rate = 48000
WASAPI: fundamental_period_frames = 480
WASAPI: min_period_frames = 480
WASAPI: max_period_frames = 480
WASAPI: selected a period frame size of 480
WASAPI: detected 2 channels
WASAPI: audio buffer frames: 480 calculated latency: 10ms

TextServer: Primary interface set to: "ICU / HarfBuzz / Graphite (Built-in)".
Shader cache miss for CanvasShaderRD/44b626a71b331de17a1569c244e84cfc842a2c1ef1fe575d245ab80bccb9cb2d/4d35b4f1b981d75cb121b24f26aba4271d0d7a2f
CORE API HASH: 4039755037
EDITOR API HASH: 223528947
SceneTreeFTI: traversal method DEFAULT
Loaded system CA certificates
Loading resource: res://scenes/main.tscn
Loading resource: res://scripts/main.gd
